============================================================
Experiment 3: HBM Saturation Mode
============================================================
HBM levels: [0, 30, 50, 70, 85, 95]%
Iterations per level: 500 (warmup: 20)

[1/3] Setting up channel model...
[2/3] Creating L1 pipelines...
[3/3] Running measurements...

--- HBM target: 0% ---
  TTI:  mean=21.255ms  p99=31.720ms  jitter=0.1363
  RX:   mean=2.276ms  p99=11.988ms
  Deadline miss (>1ms): 100.0%

--- HBM target: 30% ---
HBM: 12.7/42.4 GB (30%) [target=30%]
  TTI:  mean=21.353ms  p99=32.121ms  jitter=0.1347
  RX:   mean=2.292ms  p99=13.212ms
  Deadline miss (>1ms): 100.0%

--- HBM target: 50% ---
HBM: 21.2/42.4 GB (50%) [target=50%]
  TTI:  mean=21.065ms  p99=33.830ms  jitter=0.1413
  RX:   mean=2.192ms  p99=15.142ms
  Deadline miss (>1ms): 100.0%

--- HBM target: 70% ---
HBM: 29.7/42.4 GB (70%) [target=70%]
  TTI:  mean=20.822ms  p99=29.287ms  jitter=0.1394
  RX:   mean=2.138ms  p99=10.138ms
  Deadline miss (>1ms): 100.0%

--- HBM target: 85% ---
HBM: 36.0/42.4 GB (85%) [target=85%]
  TTI:  mean=21.096ms  p99=30.954ms  jitter=0.1276
  RX:   mean=2.211ms  p99=11.526ms
  Deadline miss (>1ms): 100.0%

--- HBM target: 95% ---
HBM: 40.3/42.4 GB (95%) [target=95%]
  TTI:  mean=20.906ms  p99=31.263ms  jitter=0.1290
  RX:   mean=2.206ms  p99=12.334ms
  Deadline miss (>1ms): 100.0%

============================================================
SUMMARY
============================================================
  HBM% |   TTI mean |    TTI P99 |    RX mean |     RX P99 |   Jitter |  Miss%
---------------------------------------------------------------------------
    0% |   21.255ms |   31.720ms |    2.276ms |   11.988ms |   0.1363 | 100.0%
   30% |   21.353ms |   32.121ms |    2.292ms |   13.212ms |   0.1347 | 100.0%
   50% |   21.065ms |   33.830ms |    2.192ms |   15.142ms |   0.1413 | 100.0%
   70% |   20.822ms |   29.287ms |    2.138ms |   10.138ms |   0.1394 | 100.0%
   85% |   21.096ms |   30.954ms |    2.211ms |   11.526ms |   0.1276 | 100.0%
   95% |   20.906ms |   31.263ms |    2.206ms |   12.334ms |   0.1290 | 100.0%

Results saved to: /pscratch/sd/s/sgkim/kcj/AI-RAN/experiments/results/exp3_hbm_saturation_20260407_093141.json
09:30:30.600318 cuphy.hpp:122    CON[706196] [CUPHY.MEMFOOT] cuphyMemoryFootprint - GPU allocation: 98.130 MiB for cuPHY PDSCH channel object (0x55d84f3237b0).
09:30:30.780310 cuphy.hpp:122    CON[706196] [CUPHY.MEMFOOT] cuphyMemoryFootprint - GPU allocation: 674.017 MiB for cuPHY PUSCH channel object (0x55d85713b230).
09:30:30.780310 pusch_rx.cpp:1227 CON[706196] [CUPHY.PUSCH_RX] PuschRx: Running with eqCoeffAlgo 1
