GPU: NVIDIA A100-SXM4-40GB, 40960 MiB
NVIDIA A100-SXM4-40GB, 40960 MiB
NVIDIA A100-SXM4-40GB, 40960 MiB
NVIDIA A100-SXM4-40GB, 40960 MiB

========== baseline ==========
============================================================
MIG Emulator: MIG_L1-7g_solo
GPU: NVIDIA A100-SXM4-40GB (108 SMs)
L1:  7g (100% SM, 95% mem)
============================================================
  L1 HBM: 2.4/42.4GB

============================================================
RESULT: MIG_L1-7g_solo
  RX mean:  2.111 ms
  RX P50:   1.161 ms
  RX P95:   7.064 ms
  RX P99:   13.799 ms
  Jitter:   1.1978
  Miss>1ms: 64.0%
============================================================
Saved: /pscratch/sd/s/sgkim/kcj/AI-RAN/experiments/results/exp_MIG_L1-7g_solo_20260410_115104.json
11:51:00.879065 cuphy.hpp:122    CON[1315821] [CUPHY.MEMFOOT] cuphyMemoryFootprint - GPU allocation: 98.130 MiB for cuPHY PDSCH channel object (0x556951902a60).
11:51:01.087601 cuphy.hpp:122    CON[1315821] [CUPHY.MEMFOOT] cuphyMemoryFootprint - GPU allocation: 674.017 MiB for cuPHY PUSCH channel object (0x556959706050).
11:51:01.087602 pusch_rx.cpp:1227 CON[1315821] [CUPHY.PUSCH_RX] PuschRx: Running with eqCoeffAlgo 1

========== noMIG_hbm ==========
============================================================
MIG Emulator: MIG_L1-7g_AI-7g_hbm_stress
GPU: NVIDIA A100-SXM4-40GB (108 SMs)
L1:  7g (100% SM, 95% mem)
AI:  7g (100% SM, 95% mem) — hbm_stress
============================================================
Waiting for AI worker...
AI worker timeout!

========== MIG_4g3g_hbm ==========
============================================================
MIG Emulator: MIG_L1-4g_AI-3g_hbm_stress
GPU: NVIDIA A100-SXM4-40GB (108 SMs)
L1:  4g (57% SM, 50% mem)
AI:  3g (43% SM, 50% mem) — hbm_stress
============================================================
Waiting for AI worker...
AI worker timeout!

========== MIG_3g4g_hbm ==========
