MPS started
name, memory.total [MiB]
NVIDIA A100-SXM4-80GB, 81920 MiB
NVIDIA A100-SXM4-80GB, 81920 MiB
NVIDIA A100-SXM4-80GB, 81920 MiB
NVIDIA A100-SXM4-80GB, 81920 MiB
============================================================
MIG Emulator — HBM Stress Sweep (Same Node)
============================================================
GPU: NVIDIA A100-SXM4-80GB (108 SMs)
HBM: 85.1 GB total, 83.9 GB free
Iterations: 100 (warmup: 10)

Setting up L1 pipeline...

--- baseline ---
  L1=7g(100%SM) solo
  RX: mean=2.015ms  p95=7.716ms  p99=8.830ms  jitter=1.0887  miss>1ms=64.0%

--- noMIG_hbm ---
  L1=7g(100%SM) + AI=7g(100%SM) HBM stress
    [HBM stress SM=100% alloc=38.3GB] 3118 iters
  RX: mean=499.033ms  p95=567.038ms  p99=567.153ms  jitter=0.0610  miss>1ms=100.0%

--- MIG_4g+3g_hbm ---
  AI worker timeout!

--- MIG_3g+4g_hbm ---
  AI worker timeout!

--- MIG_2g+4g_hbm ---
  AI worker timeout!

--- MIG_1g+4g_hbm ---
