WARNING: All log messages before absl::InitializeLog() is called are written to STDERR
E0000 00:00:1775821837.452776  911945 cuda_dnn.cc:8579] Unable to register cuDNN factory: Attempting to register factory for plugin cuDNN when one has already been registered
E0000 00:00:1775821837.510901  911945 cuda_blas.cc:1407] Unable to register cuBLAS factory: Attempting to register factory for plugin cuBLAS when one has already been registered
W0000 00:00:1775821837.852194  911945 computation_placer.cc:177] computation placer already registered. Please check linkage and avoid linking the same target more than once.
W0000 00:00:1775821837.852222  911945 computation_placer.cc:177] computation placer already registered. Please check linkage and avoid linking the same target more than once.
W0000 00:00:1775821837.852225  911945 computation_placer.cc:177] computation placer already registered. Please check linkage and avoid linking the same target more than once.
W0000 00:00:1775821837.852227  911945 computation_placer.cc:177] computation placer already registered. Please check linkage and avoid linking the same target more than once.
I0000 00:00:1775821854.860512  911945 gpu_device.cc:2019] Created device /job:localhost/replica:0/task:0/device:GPU:0 with 38193 MB memory:  -> device: 0, name: NVIDIA A100-SXM4-40GB, pci bus id: 0000:03:00.0, compute capability: 8.0
Traceback (most recent call last):
  File "/pscratch/sd/s/sgkim/kcj/AI-RAN/experiments/exp_multinode_hbm.py", line 307, in <module>
    main()
  File "/pscratch/sd/s/sgkim/kcj/AI-RAN/experiments/exp_multinode_hbm.py", line 226, in main
    proc.start()
  File "/usr/lib/python3.10/multiprocessing/process.py", line 121, in start
    self._popen = self._Popen(self)
  File "/usr/lib/python3.10/multiprocessing/context.py", line 224, in _Popen
    return _default_context.get_context().Process._Popen(process_obj)
  File "/usr/lib/python3.10/multiprocessing/context.py", line 288, in _Popen
    return Popen(process_obj)
  File "/usr/lib/python3.10/multiprocessing/popen_spawn_posix.py", line 32, in __init__
    super().__init__(process_obj)
  File "/usr/lib/python3.10/multiprocessing/popen_fork.py", line 19, in __init__
    self._launch(process_obj)
  File "/usr/lib/python3.10/multiprocessing/popen_spawn_posix.py", line 47, in _launch
    reduction.dump(process_obj, fp)
  File "/usr/lib/python3.10/multiprocessing/reduction.py", line 60, in dump
    ForkingPickler(file, protocol).dump(obj)
AttributeError: Can't pickle local object 'main.<locals>._stress'
srun: error: nid001669: task 0: Exited with exit code 1
srun: Terminating StepId=51350732.1
srun: error: nid001672: task 1: Terminated
srun: Force Terminated StepId=51350732.1
Traceback (most recent call last):
  File "/pscratch/sd/s/sgkim/kcj/AI-RAN/experiments/exp_multinode_hbm.py", line 307, in <module>
    main()
  File "/pscratch/sd/s/sgkim/kcj/AI-RAN/experiments/exp_multinode_hbm.py", line 259, in main
    proc.start()
  File "/usr/lib/python3.10/multiprocessing/process.py", line 121, in start
    self._popen = self._Popen(self)
  File "/usr/lib/python3.10/multiprocessing/context.py", line 224, in _Popen
    return _default_context.get_context().Process._Popen(process_obj)
  File "/usr/lib/python3.10/multiprocessing/context.py", line 288, in _Popen
    return Popen(process_obj)
  File "/usr/lib/python3.10/multiprocessing/popen_spawn_posix.py", line 32, in __init__
    super().__init__(process_obj)
  File "/usr/lib/python3.10/multiprocessing/popen_fork.py", line 19, in __init__
    self._launch(process_obj)
  File "/usr/lib/python3.10/multiprocessing/popen_spawn_posix.py", line 47, in _launch
    reduction.dump(process_obj, fp)
  File "/usr/lib/python3.10/multiprocessing/reduction.py", line 60, in dump
    ForkingPickler(file, protocol).dump(obj)
AttributeError: Can't pickle local object 'main.<locals>._stress'
srun: error: nid001669: task 0: Exited with exit code 1
srun: Terminating StepId=51350732.2
srun: error: nid001672: task 1: Terminated
srun: Force Terminated StepId=51350732.2
WARNING: All log messages before absl::InitializeLog() is called are written to STDERR
E0000 00:00:1775821990.395923  914314 cuda_dnn.cc:8579] Unable to register cuDNN factory: Attempting to register factory for plugin cuDNN when one has already been registered
E0000 00:00:1775821990.400521  914314 cuda_blas.cc:1407] Unable to register cuBLAS factory: Attempting to register factory for plugin cuBLAS when one has already been registered
W0000 00:00:1775821990.414790  914314 computation_placer.cc:177] computation placer already registered. Please check linkage and avoid linking the same target more than once.
W0000 00:00:1775821990.414810  914314 computation_placer.cc:177] computation placer already registered. Please check linkage and avoid linking the same target more than once.
W0000 00:00:1775821990.414812  914314 computation_placer.cc:177] computation placer already registered. Please check linkage and avoid linking the same target more than once.
W0000 00:00:1775821990.414814  914314 computation_placer.cc:177] computation placer already registered. Please check linkage and avoid linking the same target more than once.
I0000 00:00:1775822000.531298  914314 gpu_device.cc:2019] Created device /job:localhost/replica:0/task:0/device:GPU:0 with 38193 MB memory:  -> device: 0, name: NVIDIA A100-SXM4-40GB, pci bus id: 0000:03:00.0, compute capability: 8.0
