WARNING: All log messages before absl::InitializeLog() is called are written to STDERR
E0000 00:00:1775823194.249399 1613758 cuda_dnn.cc:8579] Unable to register cuDNN factory: Attempting to register factory for plugin cuDNN when one has already been registered
E0000 00:00:1775823194.311029 1613758 cuda_blas.cc:1407] Unable to register cuBLAS factory: Attempting to register factory for plugin cuBLAS when one has already been registered
W0000 00:00:1775823194.661438 1613758 computation_placer.cc:177] computation placer already registered. Please check linkage and avoid linking the same target more than once.
W0000 00:00:1775823194.661482 1613758 computation_placer.cc:177] computation placer already registered. Please check linkage and avoid linking the same target more than once.
W0000 00:00:1775823194.661497 1613758 computation_placer.cc:177] computation placer already registered. Please check linkage and avoid linking the same target more than once.
W0000 00:00:1775823194.661510 1613758 computation_placer.cc:177] computation placer already registered. Please check linkage and avoid linking the same target more than once.
I0000 00:00:1775823210.318231 1613758 gpu_device.cc:2019] Created device /job:localhost/replica:0/task:0/device:GPU:0 with 38193 MB memory:  -> device: 0, name: NVIDIA A100-SXM4-40GB, pci bus id: 0000:03:00.0, compute capability: 8.0
WARNING: All log messages before absl::InitializeLog() is called are written to STDERR
E0000 00:00:1775823256.603248 1615853 cuda_dnn.cc:8579] Unable to register cuDNN factory: Attempting to register factory for plugin cuDNN when one has already been registered
E0000 00:00:1775823256.607887 1615853 cuda_blas.cc:1407] Unable to register cuBLAS factory: Attempting to register factory for plugin cuBLAS when one has already been registered
W0000 00:00:1775823256.622105 1615853 computation_placer.cc:177] computation placer already registered. Please check linkage and avoid linking the same target more than once.
W0000 00:00:1775823256.622139 1615853 computation_placer.cc:177] computation placer already registered. Please check linkage and avoid linking the same target more than once.
W0000 00:00:1775823256.622152 1615853 computation_placer.cc:177] computation placer already registered. Please check linkage and avoid linking the same target more than once.
W0000 00:00:1775823256.622163 1615853 computation_placer.cc:177] computation placer already registered. Please check linkage and avoid linking the same target more than once.
I0000 00:00:1775823266.423254 1615853 gpu_device.cc:2019] Created device /job:localhost/replica:0/task:0/device:GPU:0 with 29490 MB memory:  -> device: 0, name: NVIDIA A100-SXM4-40GB, pci bus id: 0000:03:00.0, compute capability: 8.0
F0000 00:00:1775823434.578870 1616307 device_event_mgr.cc:226] Unexpected Event status: 1
*** Check failure stack trace: ***
    @     0x7f29ac25f194  absl::lts_20230802::log_internal::LogMessage::SendToLog()
    @     0x7f29ac25eb34  absl::lts_20230802::log_internal::LogMessage::Flush()
    @     0x7f29ac25f629  absl::lts_20230802::log_internal::LogMessageFatal::~LogMessageFatal()
    @     0x7f29ac01dd93  tensorflow::EventMgr::PollEvents()::$_0::operator()<>()
    @     0x7f29ac01d47b  tensorflow::EventMgr::PollEvents()
    @     0x7f29ac01d129  tensorflow::EventMgr::PollLoop()
    @     0x7f29ac0dc875  Eigen::ThreadPoolTempl<>::WorkerLoop()
    @     0x7f29ac0dbb31  std::__invoke_impl<>()
    @     0x7f29ab2c6dab  tsl::(anonymous namespace)::PThread::ThreadFn()
    @     0x7f2b03237ac3  (unknown)
/var/spool/slurmd/job51351286/slurm_script: line 54: 1615853 Aborted                 shifter --image=$IMAGE python3 $L1 $label $NCELLS
Traceback (most recent call last):
  File "/pscratch/sd/s/sgkim/kcj/AI-RAN/experiments/run_gpt2_stress.py", line 17, in <module>
    from transformers import GPT2LMHeadModel, GPT2Config
ModuleNotFoundError: No module named 'transformers'
WARNING: All log messages before absl::InitializeLog() is called are written to STDERR
E0000 00:00:1775823449.114544 1617065 cuda_dnn.cc:8579] Unable to register cuDNN factory: Attempting to register factory for plugin cuDNN when one has already been registered
E0000 00:00:1775823449.119299 1617065 cuda_blas.cc:1407] Unable to register cuBLAS factory: Attempting to register factory for plugin cuBLAS when one has already been registered
W0000 00:00:1775823449.133763 1617065 computation_placer.cc:177] computation placer already registered. Please check linkage and avoid linking the same target more than once.
W0000 00:00:1775823449.133795 1617065 computation_placer.cc:177] computation placer already registered. Please check linkage and avoid linking the same target more than once.
W0000 00:00:1775823449.133809 1617065 computation_placer.cc:177] computation placer already registered. Please check linkage and avoid linking the same target more than once.
W0000 00:00:1775823449.133821 1617065 computation_placer.cc:177] computation placer already registered. Please check linkage and avoid linking the same target more than once.
I0000 00:00:1775823459.009984 1617065 gpu_device.cc:2019] Created device /job:localhost/replica:0/task:0/device:GPU:0 with 38193 MB memory:  -> device: 0, name: NVIDIA A100-SXM4-40GB, pci bus id: 0000:03:00.0, compute capability: 8.0
WARNING: All log messages before absl::InitializeLog() is called are written to STDERR
E0000 00:00:1775823499.708261 1618006 cuda_dnn.cc:8579] Unable to register cuDNN factory: Attempting to register factory for plugin cuDNN when one has already been registered
E0000 00:00:1775823499.713468 1618006 cuda_blas.cc:1407] Unable to register cuBLAS factory: Attempting to register factory for plugin cuBLAS when one has already been registered
W0000 00:00:1775823499.728065 1618006 computation_placer.cc:177] computation placer already registered. Please check linkage and avoid linking the same target more than once.
W0000 00:00:1775823499.728099 1618006 computation_placer.cc:177] computation placer already registered. Please check linkage and avoid linking the same target more than once.
W0000 00:00:1775823499.728112 1618006 computation_placer.cc:177] computation placer already registered. Please check linkage and avoid linking the same target more than once.
W0000 00:00:1775823499.728124 1618006 computation_placer.cc:177] computation placer already registered. Please check linkage and avoid linking the same target more than once.
I0000 00:00:1775823508.428991 1618006 gpu_device.cc:2019] Created device /job:localhost/replica:0/task:0/device:GPU:0 with 36042 MB memory:  -> device: 0, name: NVIDIA A100-SXM4-40GB, pci bus id: 0000:03:00.0, compute capability: 8.0
WARNING: All log messages before absl::InitializeLog() is called are written to STDERR
E0000 00:00:1775823551.717802 1618913 cuda_dnn.cc:8579] Unable to register cuDNN factory: Attempting to register factory for plugin cuDNN when one has already been registered
E0000 00:00:1775823551.722523 1618913 cuda_blas.cc:1407] Unable to register cuBLAS factory: Attempting to register factory for plugin cuBLAS when one has already been registered
W0000 00:00:1775823551.737137 1618913 computation_placer.cc:177] computation placer already registered. Please check linkage and avoid linking the same target more than once.
W0000 00:00:1775823551.737179 1618913 computation_placer.cc:177] computation placer already registered. Please check linkage and avoid linking the same target more than once.
W0000 00:00:1775823551.737193 1618913 computation_placer.cc:177] computation placer already registered. Please check linkage and avoid linking the same target more than once.
W0000 00:00:1775823551.737204 1618913 computation_placer.cc:177] computation placer already registered. Please check linkage and avoid linking the same target more than once.
I0000 00:00:1775823560.242438 1618913 gpu_device.cc:2019] Created device /job:localhost/replica:0/task:0/device:GPU:0 with 38193 MB memory:  -> device: 0, name: NVIDIA A100-SXM4-40GB, pci bus id: 0000:03:00.0, compute capability: 8.0
Traceback (most recent call last):
  File "/pscratch/sd/s/sgkim/kcj/AI-RAN/experiments/run_gpt2_stress.py", line 17, in <module>
    from transformers import GPT2LMHeadModel, GPT2Config
ModuleNotFoundError: No module named 'transformers'
WARNING: All log messages before absl::InitializeLog() is called are written to STDERR
E0000 00:00:1775823601.084672 1619795 cuda_dnn.cc:8579] Unable to register cuDNN factory: Attempting to register factory for plugin cuDNN when one has already been registered
E0000 00:00:1775823601.089706 1619795 cuda_blas.cc:1407] Unable to register cuBLAS factory: Attempting to register factory for plugin cuBLAS when one has already been registered
W0000 00:00:1775823601.104413 1619795 computation_placer.cc:177] computation placer already registered. Please check linkage and avoid linking the same target more than once.
W0000 00:00:1775823601.104448 1619795 computation_placer.cc:177] computation placer already registered. Please check linkage and avoid linking the same target more than once.
W0000 00:00:1775823601.104462 1619795 computation_placer.cc:177] computation placer already registered. Please check linkage and avoid linking the same target more than once.
W0000 00:00:1775823601.104473 1619795 computation_placer.cc:177] computation placer already registered. Please check linkage and avoid linking the same target more than once.
I0000 00:00:1775823611.045597 1619795 gpu_device.cc:2019] Created device /job:localhost/replica:0/task:0/device:GPU:0 with 38193 MB memory:  -> device: 0, name: NVIDIA A100-SXM4-40GB, pci bus id: 0000:03:00.0, compute capability: 8.0
WARNING: All log messages before absl::InitializeLog() is called are written to STDERR
E0000 00:00:1775823650.969252 1620723 cuda_dnn.cc:8579] Unable to register cuDNN factory: Attempting to register factory for plugin cuDNN when one has already been registered
E0000 00:00:1775823650.974257 1620723 cuda_blas.cc:1407] Unable to register cuBLAS factory: Attempting to register factory for plugin cuBLAS when one has already been registered
W0000 00:00:1775823650.988912 1620723 computation_placer.cc:177] computation placer already registered. Please check linkage and avoid linking the same target more than once.
W0000 00:00:1775823650.988945 1620723 computation_placer.cc:177] computation placer already registered. Please check linkage and avoid linking the same target more than once.
W0000 00:00:1775823650.988958 1620723 computation_placer.cc:177] computation placer already registered. Please check linkage and avoid linking the same target more than once.
W0000 00:00:1775823650.988970 1620723 computation_placer.cc:177] computation placer already registered. Please check linkage and avoid linking the same target more than once.
I0000 00:00:1775823658.801555 1620723 gpu_device.cc:2019] Created device /job:localhost/replica:0/task:0/device:GPU:0 with 38193 MB memory:  -> device: 0, name: NVIDIA A100-SXM4-40GB, pci bus id: 0000:03:00.0, compute capability: 8.0
WARNING: All log messages before absl::InitializeLog() is called are written to STDERR
E0000 00:00:1775823692.098503 1621349 cuda_dnn.cc:8579] Unable to register cuDNN factory: Attempting to register factory for plugin cuDNN when one has already been registered
E0000 00:00:1775823692.103326 1621349 cuda_blas.cc:1407] Unable to register cuBLAS factory: Attempting to register factory for plugin cuBLAS when one has already been registered
W0000 00:00:1775823692.117993 1621349 computation_placer.cc:177] computation placer already registered. Please check linkage and avoid linking the same target more than once.
W0000 00:00:1775823692.118030 1621349 computation_placer.cc:177] computation placer already registered. Please check linkage and avoid linking the same target more than once.
W0000 00:00:1775823692.118043 1621349 computation_placer.cc:177] computation placer already registered. Please check linkage and avoid linking the same target more than once.
W0000 00:00:1775823692.118055 1621349 computation_placer.cc:177] computation placer already registered. Please check linkage and avoid linking the same target more than once.
I0000 00:00:1775823701.098608 1621349 gpu_device.cc:2019] Created device /job:localhost/replica:0/task:0/device:GPU:0 with 38193 MB memory:  -> device: 0, name: NVIDIA A100-SXM4-40GB, pci bus id: 0000:03:00.0, compute capability: 8.0
