WARNING: All log messages before absl::InitializeLog() is called are written to STDERR
E0000 00:00:1775822463.324660 1397415 cuda_dnn.cc:8579] Unable to register cuDNN factory: Attempting to register factory for plugin cuDNN when one has already been registered
E0000 00:00:1775822463.386781 1397415 cuda_blas.cc:1407] Unable to register cuBLAS factory: Attempting to register factory for plugin cuBLAS when one has already been registered
W0000 00:00:1775822463.751474 1397415 computation_placer.cc:177] computation placer already registered. Please check linkage and avoid linking the same target more than once.
W0000 00:00:1775822463.751517 1397415 computation_placer.cc:177] computation placer already registered. Please check linkage and avoid linking the same target more than once.
W0000 00:00:1775822463.751532 1397415 computation_placer.cc:177] computation placer already registered. Please check linkage and avoid linking the same target more than once.
W0000 00:00:1775822463.751545 1397415 computation_placer.cc:177] computation placer already registered. Please check linkage and avoid linking the same target more than once.
I0000 00:00:1775822479.212877 1397415 gpu_device.cc:2019] Created device /job:localhost/replica:0/task:0/device:GPU:0 with 78904 MB memory:  -> device: 0, name: NVIDIA A100-SXM4-80GB, pci bus id: 0000:03:00.0, compute capability: 8.0
WARNING: All log messages before absl::InitializeLog() is called are written to STDERR
E0000 00:00:1775822508.159161 1398339 cuda_dnn.cc:8579] Unable to register cuDNN factory: Attempting to register factory for plugin cuDNN when one has already been registered
E0000 00:00:1775822508.163792 1398339 cuda_blas.cc:1407] Unable to register cuBLAS factory: Attempting to register factory for plugin cuBLAS when one has already been registered
W0000 00:00:1775822508.178238 1398339 computation_placer.cc:177] computation placer already registered. Please check linkage and avoid linking the same target more than once.
W0000 00:00:1775822508.178275 1398339 computation_placer.cc:177] computation placer already registered. Please check linkage and avoid linking the same target more than once.
W0000 00:00:1775822508.178288 1398339 computation_placer.cc:177] computation placer already registered. Please check linkage and avoid linking the same target more than once.
W0000 00:00:1775822508.178300 1398339 computation_placer.cc:177] computation placer already registered. Please check linkage and avoid linking the same target more than once.
I0000 00:00:1775822517.096781 1398339 gpu_device.cc:2019] Created device /job:localhost/replica:0/task:0/device:GPU:0 with 62573 MB memory:  -> device: 0, name: NVIDIA A100-SXM4-80GB, pci bus id: 0000:03:00.0, compute capability: 8.0
Traceback (most recent call last):
  File "/pscratch/sd/s/sgkim/kcj/AI-RAN/experiments/run_gpt2_stress.py", line 17, in <module>
    from transformers import GPT2LMHeadModel, GPT2Config
ModuleNotFoundError: No module named 'transformers'
WARNING: All log messages before absl::InitializeLog() is called are written to STDERR
E0000 00:00:1775822588.675356 1399226 cuda_dnn.cc:8579] Unable to register cuDNN factory: Attempting to register factory for plugin cuDNN when one has already been registered
E0000 00:00:1775822588.680119 1399226 cuda_blas.cc:1407] Unable to register cuBLAS factory: Attempting to register factory for plugin cuBLAS when one has already been registered
W0000 00:00:1775822588.694880 1399226 computation_placer.cc:177] computation placer already registered. Please check linkage and avoid linking the same target more than once.
W0000 00:00:1775822588.694915 1399226 computation_placer.cc:177] computation placer already registered. Please check linkage and avoid linking the same target more than once.
W0000 00:00:1775822588.694929 1399226 computation_placer.cc:177] computation placer already registered. Please check linkage and avoid linking the same target more than once.
W0000 00:00:1775822588.694940 1399226 computation_placer.cc:177] computation placer already registered. Please check linkage and avoid linking the same target more than once.
I0000 00:00:1775822598.614362 1399226 gpu_device.cc:2019] Created device /job:localhost/replica:0/task:0/device:GPU:0 with 78904 MB memory:  -> device: 0, name: NVIDIA A100-SXM4-80GB, pci bus id: 0000:03:00.0, compute capability: 8.0
WARNING: All log messages before absl::InitializeLog() is called are written to STDERR
E0000 00:00:1775822622.405254 1400168 cuda_dnn.cc:8579] Unable to register cuDNN factory: Attempting to register factory for plugin cuDNN when one has already been registered
E0000 00:00:1775822622.410012 1400168 cuda_blas.cc:1407] Unable to register cuBLAS factory: Attempting to register factory for plugin cuBLAS when one has already been registered
W0000 00:00:1775822622.424883 1400168 computation_placer.cc:177] computation placer already registered. Please check linkage and avoid linking the same target more than once.
W0000 00:00:1775822622.424926 1400168 computation_placer.cc:177] computation placer already registered. Please check linkage and avoid linking the same target more than once.
W0000 00:00:1775822622.424940 1400168 computation_placer.cc:177] computation placer already registered. Please check linkage and avoid linking the same target more than once.
W0000 00:00:1775822622.424952 1400168 computation_placer.cc:177] computation placer already registered. Please check linkage and avoid linking the same target more than once.
I0000 00:00:1775822630.963036 1400168 gpu_device.cc:2019] Created device /job:localhost/replica:0/task:0/device:GPU:0 with 76753 MB memory:  -> device: 0, name: NVIDIA A100-SXM4-80GB, pci bus id: 0000:03:00.0, compute capability: 8.0
WARNING: All log messages before absl::InitializeLog() is called are written to STDERR
E0000 00:00:1775822655.282634 1401075 cuda_dnn.cc:8579] Unable to register cuDNN factory: Attempting to register factory for plugin cuDNN when one has already been registered
E0000 00:00:1775822655.287275 1401075 cuda_blas.cc:1407] Unable to register cuBLAS factory: Attempting to register factory for plugin cuBLAS when one has already been registered
W0000 00:00:1775822655.301873 1401075 computation_placer.cc:177] computation placer already registered. Please check linkage and avoid linking the same target more than once.
W0000 00:00:1775822655.301910 1401075 computation_placer.cc:177] computation placer already registered. Please check linkage and avoid linking the same target more than once.
W0000 00:00:1775822655.301924 1401075 computation_placer.cc:177] computation placer already registered. Please check linkage and avoid linking the same target more than once.
W0000 00:00:1775822655.301936 1401075 computation_placer.cc:177] computation placer already registered. Please check linkage and avoid linking the same target more than once.
I0000 00:00:1775822663.281065 1401075 gpu_device.cc:2019] Created device /job:localhost/replica:0/task:0/device:GPU:0 with 78904 MB memory:  -> device: 0, name: NVIDIA A100-SXM4-80GB, pci bus id: 0000:03:00.0, compute capability: 8.0
Traceback (most recent call last):
  File "/pscratch/sd/s/sgkim/kcj/AI-RAN/experiments/run_gpt2_stress.py", line 17, in <module>
    from transformers import GPT2LMHeadModel, GPT2Config
ModuleNotFoundError: No module named 'transformers'
WARNING: All log messages before absl::InitializeLog() is called are written to STDERR
E0000 00:00:1775822687.186925 1401956 cuda_dnn.cc:8579] Unable to register cuDNN factory: Attempting to register factory for plugin cuDNN when one has already been registered
E0000 00:00:1775822687.191695 1401956 cuda_blas.cc:1407] Unable to register cuBLAS factory: Attempting to register factory for plugin cuBLAS when one has already been registered
W0000 00:00:1775822687.206231 1401956 computation_placer.cc:177] computation placer already registered. Please check linkage and avoid linking the same target more than once.
W0000 00:00:1775822687.206266 1401956 computation_placer.cc:177] computation placer already registered. Please check linkage and avoid linking the same target more than once.
W0000 00:00:1775822687.206280 1401956 computation_placer.cc:177] computation placer already registered. Please check linkage and avoid linking the same target more than once.
W0000 00:00:1775822687.206305 1401956 computation_placer.cc:177] computation placer already registered. Please check linkage and avoid linking the same target more than once.
I0000 00:00:1775822696.773930 1401956 gpu_device.cc:2019] Created device /job:localhost/replica:0/task:0/device:GPU:0 with 78904 MB memory:  -> device: 0, name: NVIDIA A100-SXM4-80GB, pci bus id: 0000:03:00.0, compute capability: 8.0
WARNING: All log messages before absl::InitializeLog() is called are written to STDERR
E0000 00:00:1775822719.799001 1402879 cuda_dnn.cc:8579] Unable to register cuDNN factory: Attempting to register factory for plugin cuDNN when one has already been registered
E0000 00:00:1775822719.803820 1402879 cuda_blas.cc:1407] Unable to register cuBLAS factory: Attempting to register factory for plugin cuBLAS when one has already been registered
W0000 00:00:1775822719.818543 1402879 computation_placer.cc:177] computation placer already registered. Please check linkage and avoid linking the same target more than once.
W0000 00:00:1775822719.818579 1402879 computation_placer.cc:177] computation placer already registered. Please check linkage and avoid linking the same target more than once.
W0000 00:00:1775822719.818592 1402879 computation_placer.cc:177] computation placer already registered. Please check linkage and avoid linking the same target more than once.
W0000 00:00:1775822719.818604 1402879 computation_placer.cc:177] computation placer already registered. Please check linkage and avoid linking the same target more than once.
I0000 00:00:1775822727.487430 1402879 gpu_device.cc:2019] Created device /job:localhost/replica:0/task:0/device:GPU:0 with 78904 MB memory:  -> device: 0, name: NVIDIA A100-SXM4-80GB, pci bus id: 0000:03:00.0, compute capability: 8.0
WARNING: All log messages before absl::InitializeLog() is called are written to STDERR
E0000 00:00:1775822743.031196 1403504 cuda_dnn.cc:8579] Unable to register cuDNN factory: Attempting to register factory for plugin cuDNN when one has already been registered
E0000 00:00:1775822743.035888 1403504 cuda_blas.cc:1407] Unable to register cuBLAS factory: Attempting to register factory for plugin cuBLAS when one has already been registered
W0000 00:00:1775822743.050474 1403504 computation_placer.cc:177] computation placer already registered. Please check linkage and avoid linking the same target more than once.
W0000 00:00:1775822743.050513 1403504 computation_placer.cc:177] computation placer already registered. Please check linkage and avoid linking the same target more than once.
W0000 00:00:1775822743.050529 1403504 computation_placer.cc:177] computation placer already registered. Please check linkage and avoid linking the same target more than once.
W0000 00:00:1775822743.050542 1403504 computation_placer.cc:177] computation placer already registered. Please check linkage and avoid linking the same target more than once.
I0000 00:00:1775822752.028933 1403504 gpu_device.cc:2019] Created device /job:localhost/replica:0/task:0/device:GPU:0 with 78904 MB memory:  -> device: 0, name: NVIDIA A100-SXM4-80GB, pci bus id: 0000:03:00.0, compute capability: 8.0
