============================================================
Q2: Dynamic Workload — Flash Crowd Simulation
============================================================
NVIDIA A100-SXM4-80GB, 81920 MiB
NVIDIA A100-SXM4-80GB, 81920 MiB
NVIDIA A100-SXM4-80GB, 81920 MiB
NVIDIA A100-SXM4-80GB, 81920 MiB

==========================================
MODE: baseline_steady
==========================================

==========================================
MODE: flash_hbm (HBM starts mid-run)
==========================================
>>> INJECTING HBM STRESS at t=10s <<<

==========================================
MODE: flash_resnet (ResNet starts mid-run)
==========================================
>>> INJECTING ResNet-50 bs=128 at t=10s <<<

==========================================
MODE: recovery_hbm (HBM killed mid-run)
==========================================
[HBM stress] GPU0 alloc=4.0GB running for 120s
>>> KILLING HBM STRESS at t=10s <<<

============================================================
ALL MODES COMPLETE
============================================================
