WARNING: All log messages before absl::InitializeLog() is called are written to STDERR
E0000 00:00:1775960923.790002  783071 cuda_dnn.cc:8579] Unable to register cuDNN factory: Attempting to register factory for plugin cuDNN when one has already been registered
E0000 00:00:1775960923.849062  783071 cuda_blas.cc:1407] Unable to register cuBLAS factory: Attempting to register factory for plugin cuBLAS when one has already been registered
W0000 00:00:1775960924.213718  783071 computation_placer.cc:177] computation placer already registered. Please check linkage and avoid linking the same target more than once.
W0000 00:00:1775960924.213763  783071 computation_placer.cc:177] computation placer already registered. Please check linkage and avoid linking the same target more than once.
W0000 00:00:1775960924.213778  783071 computation_placer.cc:177] computation placer already registered. Please check linkage and avoid linking the same target more than once.
W0000 00:00:1775960924.213792  783071 computation_placer.cc:177] computation placer already registered. Please check linkage and avoid linking the same target more than once.
I0000 00:00:1775960944.475128  783071 gpu_device.cc:2019] Created device /job:localhost/replica:0/task:0/device:GPU:0 with 78904 MB memory:  -> device: 0, name: NVIDIA A100-SXM4-80GB, pci bus id: 0000:03:00.0, compute capability: 8.0
WARNING: All log messages before absl::InitializeLog() is called are written to STDERR
E0000 00:00:1775960960.850573  784655 cuda_dnn.cc:8579] Unable to register cuDNN factory: Attempting to register factory for plugin cuDNN when one has already been registered
E0000 00:00:1775960960.855241  784655 cuda_blas.cc:1407] Unable to register cuBLAS factory: Attempting to register factory for plugin cuBLAS when one has already been registered
W0000 00:00:1775960960.869567  784655 computation_placer.cc:177] computation placer already registered. Please check linkage and avoid linking the same target more than once.
W0000 00:00:1775960960.869608  784655 computation_placer.cc:177] computation placer already registered. Please check linkage and avoid linking the same target more than once.
W0000 00:00:1775960960.869622  784655 computation_placer.cc:177] computation placer already registered. Please check linkage and avoid linking the same target more than once.
W0000 00:00:1775960960.869633  784655 computation_placer.cc:177] computation placer already registered. Please check linkage and avoid linking the same target more than once.
I0000 00:00:1775960975.085038  784655 gpu_device.cc:2019] Created device /job:localhost/replica:0/task:0/device:GPU:0 with 78904 MB memory:  -> device: 0, name: NVIDIA A100-SXM4-80GB, pci bus id: 0000:03:00.0, compute capability: 8.0
WARNING: All log messages before absl::InitializeLog() is called are written to STDERR
E0000 00:00:1775961043.780846  785802 cuda_dnn.cc:8579] Unable to register cuDNN factory: Attempting to register factory for plugin cuDNN when one has already been registered
E0000 00:00:1775961043.785475  785802 cuda_blas.cc:1407] Unable to register cuBLAS factory: Attempting to register factory for plugin cuBLAS when one has already been registered
W0000 00:00:1775961043.799755  785802 computation_placer.cc:177] computation placer already registered. Please check linkage and avoid linking the same target more than once.
W0000 00:00:1775961043.799790  785802 computation_placer.cc:177] computation placer already registered. Please check linkage and avoid linking the same target more than once.
W0000 00:00:1775961043.799804  785802 computation_placer.cc:177] computation placer already registered. Please check linkage and avoid linking the same target more than once.
W0000 00:00:1775961043.799816  785802 computation_placer.cc:177] computation placer already registered. Please check linkage and avoid linking the same target more than once.
I0000 00:00:1775961062.995413  785802 gpu_device.cc:2019] Created device /job:localhost/replica:0/task:0/device:GPU:0 with 78904 MB memory:  -> device: 0, name: NVIDIA A100-SXM4-80GB, pci bus id: 0000:03:00.0, compute capability: 8.0
WARNING: All log messages before absl::InitializeLog() is called are written to STDERR
E0000 00:00:1775961087.627155  786983 cuda_dnn.cc:8579] Unable to register cuDNN factory: Attempting to register factory for plugin cuDNN when one has already been registered
E0000 00:00:1775961087.631787  786983 cuda_blas.cc:1407] Unable to register cuBLAS factory: Attempting to register factory for plugin cuBLAS when one has already been registered
W0000 00:00:1775961087.646232  786983 computation_placer.cc:177] computation placer already registered. Please check linkage and avoid linking the same target more than once.
W0000 00:00:1775961087.646269  786983 computation_placer.cc:177] computation placer already registered. Please check linkage and avoid linking the same target more than once.
W0000 00:00:1775961087.646282  786983 computation_placer.cc:177] computation placer already registered. Please check linkage and avoid linking the same target more than once.
W0000 00:00:1775961087.646294  786983 computation_placer.cc:177] computation placer already registered. Please check linkage and avoid linking the same target more than once.
I0000 00:00:1775961100.317813  786983 gpu_device.cc:2019] Created device /job:localhost/replica:0/task:0/device:GPU:0 with 78904 MB memory:  -> device: 0, name: NVIDIA A100-SXM4-80GB, pci bus id: 0000:03:00.0, compute capability: 8.0
