WARNING: All log messages before absl::InitializeLog() is called are written to STDERR
E0000 00:00:1775824030.442859 1979492 cuda_dnn.cc:8579] Unable to register cuDNN factory: Attempting to register factory for plugin cuDNN when one has already been registered
E0000 00:00:1775824030.532557 1979492 cuda_blas.cc:1407] Unable to register cuBLAS factory: Attempting to register factory for plugin cuBLAS when one has already been registered
W0000 00:00:1775824030.907710 1979492 computation_placer.cc:177] computation placer already registered. Please check linkage and avoid linking the same target more than once.
W0000 00:00:1775824030.907765 1979492 computation_placer.cc:177] computation placer already registered. Please check linkage and avoid linking the same target more than once.
W0000 00:00:1775824030.907779 1979492 computation_placer.cc:177] computation placer already registered. Please check linkage and avoid linking the same target more than once.
W0000 00:00:1775824030.907792 1979492 computation_placer.cc:177] computation placer already registered. Please check linkage and avoid linking the same target more than once.
I0000 00:00:1775824048.143307 1979492 gpu_device.cc:2019] Created device /job:localhost/replica:0/task:0/device:GPU:0 with 72811 MB memory:  -> device: 0, name: NVIDIA A100-SXM4-80GB, pci bus id: 0000:03:00.0, compute capability: 8.0
WARNING: All log messages before absl::InitializeLog() is called are written to STDERR
E0000 00:00:1775824125.022488 1981778 cuda_dnn.cc:8579] Unable to register cuDNN factory: Attempting to register factory for plugin cuDNN when one has already been registered
E0000 00:00:1775824125.027650 1981778 cuda_blas.cc:1407] Unable to register cuBLAS factory: Attempting to register factory for plugin cuBLAS when one has already been registered
W0000 00:00:1775824125.043439 1981778 computation_placer.cc:177] computation placer already registered. Please check linkage and avoid linking the same target more than once.
W0000 00:00:1775824125.043479 1981778 computation_placer.cc:177] computation placer already registered. Please check linkage and avoid linking the same target more than once.
W0000 00:00:1775824125.043494 1981778 computation_placer.cc:177] computation placer already registered. Please check linkage and avoid linking the same target more than once.
W0000 00:00:1775824125.043507 1981778 computation_placer.cc:177] computation placer already registered. Please check linkage and avoid linking the same target more than once.
I0000 00:00:1775824134.636088 1981778 gpu_device.cc:2019] Created device /job:localhost/replica:0/task:0/device:GPU:0 with 70660 MB memory:  -> device: 0, name: NVIDIA A100-SXM4-80GB, pci bus id: 0000:03:00.0, compute capability: 8.0
Traceback (most recent call last):
  File "/pscratch/sd/s/sgkim/kcj/AI-RAN/experiments/run_gpt2_stress.py", line 17, in <module>
    from transformers import GPT2LMHeadModel, GPT2Config
ModuleNotFoundError: No module named 'transformers'
WARNING: All log messages before absl::InitializeLog() is called are written to STDERR
E0000 00:00:1775824212.145520 1983460 cuda_dnn.cc:8579] Unable to register cuDNN factory: Attempting to register factory for plugin cuDNN when one has already been registered
E0000 00:00:1775824212.150118 1983460 cuda_blas.cc:1407] Unable to register cuBLAS factory: Attempting to register factory for plugin cuBLAS when one has already been registered
W0000 00:00:1775824212.164494 1983460 computation_placer.cc:177] computation placer already registered. Please check linkage and avoid linking the same target more than once.
W0000 00:00:1775824212.164529 1983460 computation_placer.cc:177] computation placer already registered. Please check linkage and avoid linking the same target more than once.
W0000 00:00:1775824212.164542 1983460 computation_placer.cc:177] computation placer already registered. Please check linkage and avoid linking the same target more than once.
W0000 00:00:1775824212.164554 1983460 computation_placer.cc:177] computation placer already registered. Please check linkage and avoid linking the same target more than once.
I0000 00:00:1775824222.030811 1983460 gpu_device.cc:2019] Created device /job:localhost/replica:0/task:0/device:GPU:0 with 72811 MB memory:  -> device: 0, name: NVIDIA A100-SXM4-80GB, pci bus id: 0000:03:00.0, compute capability: 8.0
WARNING: All log messages before absl::InitializeLog() is called are written to STDERR
E0000 00:00:1775824294.513883 1986326 cuda_dnn.cc:8579] Unable to register cuDNN factory: Attempting to register factory for plugin cuDNN when one has already been registered
E0000 00:00:1775824294.518518 1986326 cuda_blas.cc:1407] Unable to register cuBLAS factory: Attempting to register factory for plugin cuBLAS when one has already been registered
W0000 00:00:1775824294.532897 1986326 computation_placer.cc:177] computation placer already registered. Please check linkage and avoid linking the same target more than once.
W0000 00:00:1775824294.532932 1986326 computation_placer.cc:177] computation placer already registered. Please check linkage and avoid linking the same target more than once.
W0000 00:00:1775824294.532945 1986326 computation_placer.cc:177] computation placer already registered. Please check linkage and avoid linking the same target more than once.
W0000 00:00:1775824294.532957 1986326 computation_placer.cc:177] computation placer already registered. Please check linkage and avoid linking the same target more than once.
I0000 00:00:1775824305.086623 1986326 gpu_device.cc:2019] Created device /job:localhost/replica:0/task:0/device:GPU:0 with 67924 MB memory:  -> device: 0, name: NVIDIA A100-SXM4-80GB, pci bus id: 0000:03:00.0, compute capability: 8.0
WARNING: All log messages before absl::InitializeLog() is called are written to STDERR
E0000 00:00:1775824417.563406 1987748 cuda_dnn.cc:8579] Unable to register cuDNN factory: Attempting to register factory for plugin cuDNN when one has already been registered
E0000 00:00:1775824417.568345 1987748 cuda_blas.cc:1407] Unable to register cuBLAS factory: Attempting to register factory for plugin cuBLAS when one has already been registered
W0000 00:00:1775824417.583019 1987748 computation_placer.cc:177] computation placer already registered. Please check linkage and avoid linking the same target more than once.
W0000 00:00:1775824417.583053 1987748 computation_placer.cc:177] computation placer already registered. Please check linkage and avoid linking the same target more than once.
W0000 00:00:1775824417.583067 1987748 computation_placer.cc:177] computation placer already registered. Please check linkage and avoid linking the same target more than once.
W0000 00:00:1775824417.583078 1987748 computation_placer.cc:177] computation placer already registered. Please check linkage and avoid linking the same target more than once.
I0000 00:00:1775824427.822076 1987748 gpu_device.cc:2019] Created device /job:localhost/replica:0/task:0/device:GPU:0 with 72811 MB memory:  -> device: 0, name: NVIDIA A100-SXM4-80GB, pci bus id: 0000:03:00.0, compute capability: 8.0
