<frozen importlib._bootstrap_external>:1184: FutureWarning: The cuda.cudart module is deprecated and will be removed in a future release, please switch to use the cuda.bindings.runtime module instead.
<frozen importlib._bootstrap_external>:1184: FutureWarning: The cuda.cudart module is deprecated and will be removed in a future release, please switch to use the cuda.bindings.runtime module instead.
<frozen importlib._bootstrap_external>:1184: FutureWarning: The cuda.cudart module is deprecated and will be removed in a future release, please switch to use the cuda.bindings.runtime module instead.
<frozen importlib._bootstrap_external>:1184: FutureWarning: The cuda.cudart module is deprecated and will be removed in a future release, please switch to use the cuda.bindings.runtime module instead.
<frozen importlib._bootstrap_external>:1184: FutureWarning: The cuda.cudart module is deprecated and will be removed in a future release, please switch to use the cuda.bindings.runtime module instead.
<frozen importlib._bootstrap_external>:1184: FutureWarning: The cuda.cudart module is deprecated and will be removed in a future release, please switch to use the cuda.bindings.runtime module instead.
<frozen importlib._bootstrap_external>:1184: FutureWarning: The cuda.cudart module is deprecated and will be removed in a future release, please switch to use the cuda.bindings.runtime module instead.
<frozen importlib._bootstrap_external>:1184: FutureWarning: The cuda.cudart module is deprecated and will be removed in a future release, please switch to use the cuda.bindings.runtime module instead.
<frozen importlib._bootstrap_external>:1184: FutureWarning: The cuda.cudart module is deprecated and will be removed in a future release, please switch to use the cuda.bindings.runtime module instead.
<frozen importlib._bootstrap_external>:1184: FutureWarning: The cuda.cudart module is deprecated and will be removed in a future release, please switch to use the cuda.bindings.runtime module instead.
<frozen importlib._bootstrap_external>:1184: FutureWarning: The cuda.cudart module is deprecated and will be removed in a future release, please switch to use the cuda.bindings.runtime module instead.
<frozen importlib._bootstrap_external>:1184: FutureWarning: The cuda.cudart module is deprecated and will be removed in a future release, please switch to use the cuda.bindings.runtime module instead.
<frozen importlib._bootstrap_external>:1184: FutureWarning: The cuda.cudart module is deprecated and will be removed in a future release, please switch to use the cuda.bindings.runtime module instead.
<frozen importlib._bootstrap_external>:1184: FutureWarning: The cuda.cudart module is deprecated and will be removed in a future release, please switch to use the cuda.bindings.runtime module instead.
<frozen importlib._bootstrap_external>:1184: FutureWarning: The cuda.cudart module is deprecated and will be removed in a future release, please switch to use the cuda.bindings.runtime module instead.
<frozen importlib._bootstrap_external>:1184: FutureWarning: The cuda.cudart module is deprecated and will be removed in a future release, please switch to use the cuda.bindings.runtime module instead.
srun: Step created for StepId=51537916.1
Traceback (most recent call last):
  File "/pscratch/sd/s/sgkim/kcj/AI-RAN/experiments/run_realistic_ai_stress.py", line 28, in <module>
    torch.cuda.set_device(gpu_id)
  File "/pscratch/sd/s/sgkim/kcj/AI-RAN/site-packages/torch/cuda/__init__.py", line 529, in set_device
    torch._C._cuda_setDevice(device)
RuntimeError: CUDA error: invalid device ordinal
CUDA kernel errors might be asynchronously reported at some other API call, so the stacktrace below might be incorrect.
For debugging consider passing CUDA_LAUNCH_BLOCKING=1
Compile with `TORCH_USE_CUDA_DSA` to enable device-side assertions.

Traceback (most recent call last):
  File "/pscratch/sd/s/sgkim/kcj/AI-RAN/experiments/run_realistic_ai_stress.py", line 28, in <module>
    torch.cuda.set_device(gpu_id)
  File "/pscratch/sd/s/sgkim/kcj/AI-RAN/site-packages/torch/cuda/__init__.py", line 529, in set_device
    torch._C._cuda_setDevice(device)
RuntimeError: CUDA error: invalid device ordinal
CUDA kernel errors might be asynchronously reported at some other API call, so the stacktrace below might be incorrect.
For debugging consider passing CUDA_LAUNCH_BLOCKING=1
Compile with `TORCH_USE_CUDA_DSA` to enable device-side assertions.

Traceback (most recent call last):
  File "/pscratch/sd/s/sgkim/kcj/AI-RAN/experiments/run_realistic_ai_stress.py", line 28, in <module>
    torch.cuda.set_device(gpu_id)
  File "/pscratch/sd/s/sgkim/kcj/AI-RAN/site-packages/torch/cuda/__init__.py", line 529, in set_device
    torch._C._cuda_setDevice(device)
RuntimeError: CUDA error: invalid device ordinal
CUDA kernel errors might be asynchronously reported at some other API call, so the stacktrace below might be incorrect.
For debugging consider passing CUDA_LAUNCH_BLOCKING=1
Compile with `TORCH_USE_CUDA_DSA` to enable device-side assertions.

Traceback (most recent call last):
  File "/pscratch/sd/s/sgkim/kcj/AI-RAN/experiments/run_realistic_ai_stress.py", line 28, in <module>
    torch.cuda.set_device(gpu_id)
  File "/pscratch/sd/s/sgkim/kcj/AI-RAN/site-packages/torch/cuda/__init__.py", line 529, in set_device
Traceback (most recent call last):
  File "/pscratch/sd/s/sgkim/kcj/AI-RAN/experiments/run_realistic_ai_stress.py", line 28, in <module>
    torch._C._cuda_setDevice(device)
RuntimeError: CUDA error: invalid device ordinal
CUDA kernel errors might be asynchronously reported at some other API call, so the stacktrace below might be incorrect.
For debugging consider passing CUDA_LAUNCH_BLOCKING=1
Compile with `TORCH_USE_CUDA_DSA` to enable device-side assertions.

    torch.cuda.set_device(gpu_id)
  File "/pscratch/sd/s/sgkim/kcj/AI-RAN/site-packages/torch/cuda/__init__.py", line 529, in set_device
    torch._C._cuda_setDevice(device)
RuntimeError: CUDA error: invalid device ordinal
CUDA kernel errors might be asynchronously reported at some other API call, so the stacktrace below might be incorrect.
For debugging consider passing CUDA_LAUNCH_BLOCKING=1
Compile with `TORCH_USE_CUDA_DSA` to enable device-side assertions.

Traceback (most recent call last):
  File "/pscratch/sd/s/sgkim/kcj/AI-RAN/experiments/run_realistic_ai_stress.py", line 28, in <module>
    torch.cuda.set_device(gpu_id)
  File "/pscratch/sd/s/sgkim/kcj/AI-RAN/site-packages/torch/cuda/__init__.py", line 529, in set_device
    torch._C._cuda_setDevice(device)
RuntimeError: CUDA error: invalid device ordinal
CUDA kernel errors might be asynchronously reported at some other API call, so the stacktrace below might be incorrect.
For debugging consider passing CUDA_LAUNCH_BLOCKING=1
Compile with `TORCH_USE_CUDA_DSA` to enable device-side assertions.

Traceback (most recent call last):
  File "/pscratch/sd/s/sgkim/kcj/AI-RAN/experiments/run_realistic_ai_stress.py", line 28, in <module>
Traceback (most recent call last):
  File "/pscratch/sd/s/sgkim/kcj/AI-RAN/experiments/run_realistic_ai_stress.py", line 28, in <module>
    torch.cuda.set_device(gpu_id)
  File "/pscratch/sd/s/sgkim/kcj/AI-RAN/site-packages/torch/cuda/__init__.py", line 529, in set_device
    torch.cuda.set_device(gpu_id)
  File "/pscratch/sd/s/sgkim/kcj/AI-RAN/site-packages/torch/cuda/__init__.py", line 529, in set_device
    torch._C._cuda_setDevice(device)
RuntimeError: CUDA error: invalid device ordinal
CUDA kernel errors might be asynchronously reported at some other API call, so the stacktrace below might be incorrect.
For debugging consider passing CUDA_LAUNCH_BLOCKING=1
Compile with `TORCH_USE_CUDA_DSA` to enable device-side assertions.

    torch._C._cuda_setDevice(device)
RuntimeError: CUDA error: invalid device ordinal
CUDA kernel errors might be asynchronously reported at some other API call, so the stacktrace below might be incorrect.
For debugging consider passing CUDA_LAUNCH_BLOCKING=1
Compile with `TORCH_USE_CUDA_DSA` to enable device-side assertions.

Traceback (most recent call last):
  File "/pscratch/sd/s/sgkim/kcj/AI-RAN/experiments/run_realistic_ai_stress.py", line 28, in <module>
    torch.cuda.set_device(gpu_id)
  File "/pscratch/sd/s/sgkim/kcj/AI-RAN/site-packages/torch/cuda/__init__.py", line 529, in set_device
    torch._C._cuda_setDevice(device)
RuntimeError: CUDA error: invalid device ordinal
CUDA kernel errors might be asynchronously reported at some other API call, so the stacktrace below might be incorrect.
For debugging consider passing CUDA_LAUNCH_BLOCKING=1
Compile with `TORCH_USE_CUDA_DSA` to enable device-side assertions.

Traceback (most recent call last):
  File "/pscratch/sd/s/sgkim/kcj/AI-RAN/experiments/run_realistic_ai_stress.py", line 28, in <module>
    torch.cuda.set_device(gpu_id)
  File "/pscratch/sd/s/sgkim/kcj/AI-RAN/site-packages/torch/cuda/__init__.py", line 529, in set_device
    torch._C._cuda_setDevice(device)
RuntimeError: CUDA error: invalid device ordinal
CUDA kernel errors might be asynchronously reported at some other API call, so the stacktrace below might be incorrect.
For debugging consider passing CUDA_LAUNCH_BLOCKING=1
Compile with `TORCH_USE_CUDA_DSA` to enable device-side assertions.

Traceback (most recent call last):
  File "/pscratch/sd/s/sgkim/kcj/AI-RAN/experiments/run_realistic_ai_stress.py", line 28, in <module>
    torch.cuda.set_device(gpu_id)
  File "/pscratch/sd/s/sgkim/kcj/AI-RAN/site-packages/torch/cuda/__init__.py", line 529, in set_device
    torch._C._cuda_setDevice(device)
RuntimeError: CUDA error: invalid device ordinal
CUDA kernel errors might be asynchronously reported at some other API call, so the stacktrace below might be incorrect.
For debugging consider passing CUDA_LAUNCH_BLOCKING=1
Compile with `TORCH_USE_CUDA_DSA` to enable device-side assertions.

Traceback (most recent call last):
  File "/pscratch/sd/s/sgkim/kcj/AI-RAN/experiments/run_realistic_ai_stress.py", line 28, in <module>
    torch.cuda.set_device(gpu_id)
  File "/pscratch/sd/s/sgkim/kcj/AI-RAN/site-packages/torch/cuda/__init__.py", line 529, in set_device
    torch._C._cuda_setDevice(device)
RuntimeError: CUDA error: invalid device ordinal
CUDA kernel errors might be asynchronously reported at some other API call, so the stacktrace below might be incorrect.
For debugging consider passing CUDA_LAUNCH_BLOCKING=1
Compile with `TORCH_USE_CUDA_DSA` to enable device-side assertions.

<frozen importlib._bootstrap_external>:1184: FutureWarning: The cuda.cudart module is deprecated and will be removed in a future release, please switch to use the cuda.bindings.runtime module instead.
<frozen importlib._bootstrap_external>:1184: FutureWarning: The cuda.cudart module is deprecated and will be removed in a future release, please switch to use the cuda.bindings.runtime module instead.
<frozen importlib._bootstrap_external>:1184: FutureWarning: The cuda.cudart module is deprecated and will be removed in a future release, please switch to use the cuda.bindings.runtime module instead.
<frozen importlib._bootstrap_external>:1184: FutureWarning: The cuda.cudart module is deprecated and will be removed in a future release, please switch to use the cuda.bindings.runtime module instead.
<frozen importlib._bootstrap_external>:1184: FutureWarning: The cuda.cudart module is deprecated and will be removed in a future release, please switch to use the cuda.bindings.runtime module instead.
<frozen importlib._bootstrap_external>:1184: FutureWarning: The cuda.cudart module is deprecated and will be removed in a future release, please switch to use the cuda.bindings.runtime module instead.
<frozen importlib._bootstrap_external>:1184: FutureWarning: The cuda.cudart module is deprecated and will be removed in a future release, please switch to use the cuda.bindings.runtime module instead.
<frozen importlib._bootstrap_external>:1184: FutureWarning: The cuda.cudart module is deprecated and will be removed in a future release, please switch to use the cuda.bindings.runtime module instead.
<frozen importlib._bootstrap_external>:1184: FutureWarning: The cuda.cudart module is deprecated and will be removed in a future release, please switch to use the cuda.bindings.runtime module instead.
<frozen importlib._bootstrap_external>:1184: FutureWarning: The cuda.cudart module is deprecated and will be removed in a future release, please switch to use the cuda.bindings.runtime module instead.
<frozen importlib._bootstrap_external>:1184: FutureWarning: The cuda.cudart module is deprecated and will be removed in a future release, please switch to use the cuda.bindings.runtime module instead.
<frozen importlib._bootstrap_external>:1184: FutureWarning: The cuda.cudart module is deprecated and will be removed in a future release, please switch to use the cuda.bindings.runtime module instead.
<frozen importlib._bootstrap_external>:1184: FutureWarning: The cuda.cudart module is deprecated and will be removed in a future release, please switch to use the cuda.bindings.runtime module instead.
<frozen importlib._bootstrap_external>:1184: FutureWarning: The cuda.cudart module is deprecated and will be removed in a future release, please switch to use the cuda.bindings.runtime module instead.
<frozen importlib._bootstrap_external>:1184: FutureWarning: The cuda.cudart module is deprecated and will be removed in a future release, please switch to use the cuda.bindings.runtime module instead.
<frozen importlib._bootstrap_external>:1184: FutureWarning: The cuda.cudart module is deprecated and will be removed in a future release, please switch to use the cuda.bindings.runtime module instead.
srun: Step created for StepId=51537916.2
Traceback (most recent call last):
  File "/pscratch/sd/s/sgkim/kcj/AI-RAN/experiments/run_gpt2_stress.py", line 22, in <module>
    torch.cuda.set_device(gpu_id)
  File "/pscratch/sd/s/sgkim/kcj/AI-RAN/site-packages/torch/cuda/__init__.py", line 529, in set_device
    torch._C._cuda_setDevice(device)
RuntimeError: CUDA error: invalid device ordinal
CUDA kernel errors might be asynchronously reported at some other API call, so the stacktrace below might be incorrect.
For debugging consider passing CUDA_LAUNCH_BLOCKING=1
Compile with `TORCH_USE_CUDA_DSA` to enable device-side assertions.

Traceback (most recent call last):
  File "/pscratch/sd/s/sgkim/kcj/AI-RAN/experiments/run_gpt2_stress.py", line 22, in <module>
    torch.cuda.set_device(gpu_id)
  File "/pscratch/sd/s/sgkim/kcj/AI-RAN/site-packages/torch/cuda/__init__.py", line 529, in set_device
    torch._C._cuda_setDevice(device)
RuntimeError: CUDA error: invalid device ordinal
CUDA kernel errors might be asynchronously reported at some other API call, so the stacktrace below might be incorrect.
For debugging consider passing CUDA_LAUNCH_BLOCKING=1
Compile with `TORCH_USE_CUDA_DSA` to enable device-side assertions.

Traceback (most recent call last):
  File "/pscratch/sd/s/sgkim/kcj/AI-RAN/experiments/run_gpt2_stress.py", line 22, in <module>
    torch.cuda.set_device(gpu_id)
  File "/pscratch/sd/s/sgkim/kcj/AI-RAN/site-packages/torch/cuda/__init__.py", line 529, in set_device
    torch._C._cuda_setDevice(device)
RuntimeError: CUDA error: invalid device ordinal
CUDA kernel errors might be asynchronously reported at some other API call, so the stacktrace below might be incorrect.
For debugging consider passing CUDA_LAUNCH_BLOCKING=1
Compile with `TORCH_USE_CUDA_DSA` to enable device-side assertions.

<frozen importlib._bootstrap_external>:1184: FutureWarning: The cuda.cudart module is deprecated and will be removed in a future release, please switch to use the cuda.bindings.runtime module instead.
<frozen importlib._bootstrap_external>:1184: FutureWarning: The cuda.cudart module is deprecated and will be removed in a future release, please switch to use the cuda.bindings.runtime module instead.
<frozen importlib._bootstrap_external>:1184: FutureWarning: The cuda.cudart module is deprecated and will be removed in a future release, please switch to use the cuda.bindings.runtime module instead.
<frozen importlib._bootstrap_external>:1184: FutureWarning: The cuda.cudart module is deprecated and will be removed in a future release, please switch to use the cuda.bindings.runtime module instead.
<frozen importlib._bootstrap_external>:1184: FutureWarning: The cuda.cudart module is deprecated and will be removed in a future release, please switch to use the cuda.bindings.runtime module instead.
<frozen importlib._bootstrap_external>:1184: FutureWarning: The cuda.cudart module is deprecated and will be removed in a future release, please switch to use the cuda.bindings.runtime module instead.
<frozen importlib._bootstrap_external>:1184: FutureWarning: The cuda.cudart module is deprecated and will be removed in a future release, please switch to use the cuda.bindings.runtime module instead.
<frozen importlib._bootstrap_external>:1184: FutureWarning: The cuda.cudart module is deprecated and will be removed in a future release, please switch to use the cuda.bindings.runtime module instead.
<frozen importlib._bootstrap_external>:1184: FutureWarning: The cuda.cudart module is deprecated and will be removed in a future release, please switch to use the cuda.bindings.runtime module instead.
<frozen importlib._bootstrap_external>:1184: FutureWarning: The cuda.cudart module is deprecated and will be removed in a future release, please switch to use the cuda.bindings.runtime module instead.
<frozen importlib._bootstrap_external>:1184: FutureWarning: The cuda.cudart module is deprecated and will be removed in a future release, please switch to use the cuda.bindings.runtime module instead.
<frozen importlib._bootstrap_external>:1184: FutureWarning: The cuda.cudart module is deprecated and will be removed in a future release, please switch to use the cuda.bindings.runtime module instead.
Traceback (most recent call last):
  File "/pscratch/sd/s/sgkim/kcj/AI-RAN/experiments/run_gpt2_stress.py", line 22, in <module>
    torch.cuda.set_device(gpu_id)
  File "/pscratch/sd/s/sgkim/kcj/AI-RAN/site-packages/torch/cuda/__init__.py", line 529, in set_device
    torch._C._cuda_setDevice(device)
RuntimeError: CUDA error: invalid device ordinal
CUDA kernel errors might be asynchronously reported at some other API call, so the stacktrace below might be incorrect.
For debugging consider passing CUDA_LAUNCH_BLOCKING=1
Compile with `TORCH_USE_CUDA_DSA` to enable device-side assertions.

Traceback (most recent call last):
  File "/pscratch/sd/s/sgkim/kcj/AI-RAN/experiments/run_gpt2_stress.py", line 22, in <module>
    torch.cuda.set_device(gpu_id)
  File "/pscratch/sd/s/sgkim/kcj/AI-RAN/site-packages/torch/cuda/__init__.py", line 529, in set_device
    torch._C._cuda_setDevice(device)
RuntimeError: CUDA error: invalid device ordinal
CUDA kernel errors might be asynchronously reported at some other API call, so the stacktrace below might be incorrect.
For debugging consider passing CUDA_LAUNCH_BLOCKING=1
Compile with `TORCH_USE_CUDA_DSA` to enable device-side assertions.

Traceback (most recent call last):
  File "/pscratch/sd/s/sgkim/kcj/AI-RAN/experiments/run_gpt2_stress.py", line 22, in <module>
    torch.cuda.set_device(gpu_id)
  File "/pscratch/sd/s/sgkim/kcj/AI-RAN/site-packages/torch/cuda/__init__.py", line 529, in set_device
    torch._C._cuda_setDevice(device)
RuntimeError: CUDA error: invalid device ordinal
CUDA kernel errors might be asynchronously reported at some other API call, so the stacktrace below might be incorrect.
For debugging consider passing CUDA_LAUNCH_BLOCKING=1
Compile with `TORCH_USE_CUDA_DSA` to enable device-side assertions.

<frozen importlib._bootstrap_external>:1184: FutureWarning: The cuda.cudart module is deprecated and will be removed in a future release, please switch to use the cuda.bindings.runtime module instead.
<frozen importlib._bootstrap_external>:1184: FutureWarning: The cuda.cudart module is deprecated and will be removed in a future release, please switch to use the cuda.bindings.runtime module instead.
<frozen importlib._bootstrap_external>:1184: FutureWarning: The cuda.cudart module is deprecated and will be removed in a future release, please switch to use the cuda.bindings.runtime module instead.
<frozen importlib._bootstrap_external>:1184: FutureWarning: The cuda.cudart module is deprecated and will be removed in a future release, please switch to use the cuda.bindings.runtime module instead.
Traceback (most recent call last):
  File "/pscratch/sd/s/sgkim/kcj/AI-RAN/experiments/run_gpt2_stress.py", line 22, in <module>
    torch.cuda.set_device(gpu_id)
  File "/pscratch/sd/s/sgkim/kcj/AI-RAN/site-packages/torch/cuda/__init__.py", line 529, in set_device
    torch._C._cuda_setDevice(device)
RuntimeError: CUDA error: invalid device ordinal
CUDA kernel errors might be asynchronously reported at some other API call, so the stacktrace below might be incorrect.
For debugging consider passing CUDA_LAUNCH_BLOCKING=1
Compile with `TORCH_USE_CUDA_DSA` to enable device-side assertions.

Traceback (most recent call last):
  File "/pscratch/sd/s/sgkim/kcj/AI-RAN/experiments/run_gpt2_stress.py", line 22, in <module>
    torch.cuda.set_device(gpu_id)
  File "/pscratch/sd/s/sgkim/kcj/AI-RAN/site-packages/torch/cuda/__init__.py", line 529, in set_device
    torch._C._cuda_setDevice(device)
RuntimeError: CUDA error: invalid device ordinal
CUDA kernel errors might be asynchronously reported at some other API call, so the stacktrace below might be incorrect.
For debugging consider passing CUDA_LAUNCH_BLOCKING=1
Compile with `TORCH_USE_CUDA_DSA` to enable device-side assertions.

Traceback (most recent call last):
  File "/pscratch/sd/s/sgkim/kcj/AI-RAN/experiments/run_gpt2_stress.py", line 22, in <module>
    torch.cuda.set_device(gpu_id)
  File "/pscratch/sd/s/sgkim/kcj/AI-RAN/site-packages/torch/cuda/__init__.py", line 529, in set_device
    torch._C._cuda_setDevice(device)
RuntimeError: CUDA error: invalid device ordinal
CUDA kernel errors might be asynchronously reported at some other API call, so the stacktrace below might be incorrect.
For debugging consider passing CUDA_LAUNCH_BLOCKING=1
Compile with `TORCH_USE_CUDA_DSA` to enable device-side assertions.

Traceback (most recent call last):
  File "/pscratch/sd/s/sgkim/kcj/AI-RAN/experiments/run_gpt2_stress.py", line 22, in <module>
    torch.cuda.set_device(gpu_id)
  File "/pscratch/sd/s/sgkim/kcj/AI-RAN/site-packages/torch/cuda/__init__.py", line 529, in set_device
    torch._C._cuda_setDevice(device)
RuntimeError: CUDA error: invalid device ordinal
CUDA kernel errors might be asynchronously reported at some other API call, so the stacktrace below might be incorrect.
For debugging consider passing CUDA_LAUNCH_BLOCKING=1
Compile with `TORCH_USE_CUDA_DSA` to enable device-side assertions.

Traceback (most recent call last):
  File "/pscratch/sd/s/sgkim/kcj/AI-RAN/experiments/run_gpt2_stress.py", line 22, in <module>
    torch.cuda.set_device(gpu_id)
  File "/pscratch/sd/s/sgkim/kcj/AI-RAN/site-packages/torch/cuda/__init__.py", line 529, in set_device
    torch._C._cuda_setDevice(device)
RuntimeError: CUDA error: invalid device ordinal
CUDA kernel errors might be asynchronously reported at some other API call, so the stacktrace below might be incorrect.
For debugging consider passing CUDA_LAUNCH_BLOCKING=1
Compile with `TORCH_USE_CUDA_DSA` to enable device-side assertions.

Traceback (most recent call last):
  File "/pscratch/sd/s/sgkim/kcj/AI-RAN/experiments/run_gpt2_stress.py", line 22, in <module>
    torch.cuda.set_device(gpu_id)
  File "/pscratch/sd/s/sgkim/kcj/AI-RAN/site-packages/torch/cuda/__init__.py", line 529, in set_device
    torch._C._cuda_setDevice(device)
RuntimeError: CUDA error: invalid device ordinal
CUDA kernel errors might be asynchronously reported at some other API call, so the stacktrace below might be incorrect.
For debugging consider passing CUDA_LAUNCH_BLOCKING=1
Compile with `TORCH_USE_CUDA_DSA` to enable device-side assertions.

srun: Step created for StepId=51537916.3
Traceback (most recent call last):
  File "/pscratch/sd/s/sgkim/kcj/AI-RAN/experiments/run_resnet_stress.py", line 20, in <module>
    torch.cuda.set_device(gpu_id)
  File "/pscratch/sd/s/sgkim/kcj/AI-RAN/site-packages/torch/cuda/__init__.py", line 529, in set_device
    torch._C._cuda_setDevice(device)
RuntimeError: CUDA error: invalid device ordinal
CUDA kernel errors might be asynchronously reported at some other API call, so the stacktrace below might be incorrect.
For debugging consider passing CUDA_LAUNCH_BLOCKING=1
Compile with `TORCH_USE_CUDA_DSA` to enable device-side assertions.

Traceback (most recent call last):
  File "/pscratch/sd/s/sgkim/kcj/AI-RAN/experiments/run_resnet_stress.py", line 20, in <module>
    torch.cuda.set_device(gpu_id)
  File "/pscratch/sd/s/sgkim/kcj/AI-RAN/site-packages/torch/cuda/__init__.py", line 529, in set_device
    torch._C._cuda_setDevice(device)
RuntimeError: CUDA error: invalid device ordinal
CUDA kernel errors might be asynchronously reported at some other API call, so the stacktrace below might be incorrect.
For debugging consider passing CUDA_LAUNCH_BLOCKING=1
Compile with `TORCH_USE_CUDA_DSA` to enable device-side assertions.

Traceback (most recent call last):
  File "/pscratch/sd/s/sgkim/kcj/AI-RAN/experiments/run_resnet_stress.py", line 20, in <module>
    torch.cuda.set_device(gpu_id)
  File "/pscratch/sd/s/sgkim/kcj/AI-RAN/site-packages/torch/cuda/__init__.py", line 529, in set_device
    torch._C._cuda_setDevice(device)
RuntimeError: CUDA error: invalid device ordinal
CUDA kernel errors might be asynchronously reported at some other API call, so the stacktrace below might be incorrect.
For debugging consider passing CUDA_LAUNCH_BLOCKING=1
Compile with `TORCH_USE_CUDA_DSA` to enable device-side assertions.

Traceback (most recent call last):
  File "/pscratch/sd/s/sgkim/kcj/AI-RAN/experiments/run_resnet_stress.py", line 20, in <module>
    torch.cuda.set_device(gpu_id)
  File "/pscratch/sd/s/sgkim/kcj/AI-RAN/site-packages/torch/cuda/__init__.py", line 529, in set_device
    torch._C._cuda_setDevice(device)
RuntimeError: CUDA error: invalid device ordinal
CUDA kernel errors might be asynchronously reported at some other API call, so the stacktrace below might be incorrect.
For debugging consider passing CUDA_LAUNCH_BLOCKING=1
Compile with `TORCH_USE_CUDA_DSA` to enable device-side assertions.

Traceback (most recent call last):
  File "/pscratch/sd/s/sgkim/kcj/AI-RAN/experiments/run_resnet_stress.py", line 20, in <module>
    torch.cuda.set_device(gpu_id)
  File "/pscratch/sd/s/sgkim/kcj/AI-RAN/site-packages/torch/cuda/__init__.py", line 529, in set_device
    torch._C._cuda_setDevice(device)
RuntimeError: CUDA error: invalid device ordinal
CUDA kernel errors might be asynchronously reported at some other API call, so the stacktrace below might be incorrect.
For debugging consider passing CUDA_LAUNCH_BLOCKING=1
Compile with `TORCH_USE_CUDA_DSA` to enable device-side assertions.

Traceback (most recent call last):
  File "/pscratch/sd/s/sgkim/kcj/AI-RAN/experiments/run_resnet_stress.py", line 20, in <module>
    torch.cuda.set_device(gpu_id)
  File "/pscratch/sd/s/sgkim/kcj/AI-RAN/site-packages/torch/cuda/__init__.py", line 529, in set_device
    torch._C._cuda_setDevice(device)
RuntimeError: CUDA error: invalid device ordinal
CUDA kernel errors might be asynchronously reported at some other API call, so the stacktrace below might be incorrect.
For debugging consider passing CUDA_LAUNCH_BLOCKING=1
Compile with `TORCH_USE_CUDA_DSA` to enable device-side assertions.

Traceback (most recent call last):
  File "/pscratch/sd/s/sgkim/kcj/AI-RAN/experiments/run_resnet_stress.py", line 20, in <module>
    torch.cuda.set_device(gpu_id)
  File "/pscratch/sd/s/sgkim/kcj/AI-RAN/site-packages/torch/cuda/__init__.py", line 529, in set_device
    torch._C._cuda_setDevice(device)
RuntimeError: CUDA error: invalid device ordinal
CUDA kernel errors might be asynchronously reported at some other API call, so the stacktrace below might be incorrect.
For debugging consider passing CUDA_LAUNCH_BLOCKING=1
Compile with `TORCH_USE_CUDA_DSA` to enable device-side assertions.

Traceback (most recent call last):
  File "/pscratch/sd/s/sgkim/kcj/AI-RAN/experiments/run_resnet_stress.py", line 20, in <module>
    torch.cuda.set_device(gpu_id)
  File "/pscratch/sd/s/sgkim/kcj/AI-RAN/site-packages/torch/cuda/__init__.py", line 529, in set_device
    torch._C._cuda_setDevice(device)
RuntimeError: CUDA error: invalid device ordinal
CUDA kernel errors might be asynchronously reported at some other API call, so the stacktrace below might be incorrect.
For debugging consider passing CUDA_LAUNCH_BLOCKING=1
Compile with `TORCH_USE_CUDA_DSA` to enable device-side assertions.

Traceback (most recent call last):
  File "/pscratch/sd/s/sgkim/kcj/AI-RAN/experiments/run_resnet_stress.py", line 20, in <module>
    torch.cuda.set_device(gpu_id)
  File "/pscratch/sd/s/sgkim/kcj/AI-RAN/site-packages/torch/cuda/__init__.py", line 529, in set_device
    torch._C._cuda_setDevice(device)
RuntimeError: CUDA error: invalid device ordinal
CUDA kernel errors might be asynchronously reported at some other API call, so the stacktrace below might be incorrect.
For debugging consider passing CUDA_LAUNCH_BLOCKING=1
Compile with `TORCH_USE_CUDA_DSA` to enable device-side assertions.

Traceback (most recent call last):
  File "/pscratch/sd/s/sgkim/kcj/AI-RAN/experiments/run_resnet_stress.py", line 20, in <module>
    torch.cuda.set_device(gpu_id)
  File "/pscratch/sd/s/sgkim/kcj/AI-RAN/site-packages/torch/cuda/__init__.py", line 529, in set_device
    torch._C._cuda_setDevice(device)
RuntimeError: CUDA error: invalid device ordinal
CUDA kernel errors might be asynchronously reported at some other API call, so the stacktrace below might be incorrect.
For debugging consider passing CUDA_LAUNCH_BLOCKING=1
Compile with `TORCH_USE_CUDA_DSA` to enable device-side assertions.

Traceback (most recent call last):
  File "/pscratch/sd/s/sgkim/kcj/AI-RAN/experiments/run_resnet_stress.py", line 20, in <module>
    torch.cuda.set_device(gpu_id)
  File "/pscratch/sd/s/sgkim/kcj/AI-RAN/site-packages/torch/cuda/__init__.py", line 529, in set_device
    torch._C._cuda_setDevice(device)
RuntimeError: CUDA error: invalid device ordinal
CUDA kernel errors might be asynchronously reported at some other API call, so the stacktrace below might be incorrect.
For debugging consider passing CUDA_LAUNCH_BLOCKING=1
Compile with `TORCH_USE_CUDA_DSA` to enable device-side assertions.

Traceback (most recent call last):
  File "/pscratch/sd/s/sgkim/kcj/AI-RAN/experiments/run_resnet_stress.py", line 20, in <module>
    torch.cuda.set_device(gpu_id)
  File "/pscratch/sd/s/sgkim/kcj/AI-RAN/site-packages/torch/cuda/__init__.py", line 529, in set_device
    torch._C._cuda_setDevice(device)
RuntimeError: CUDA error: invalid device ordinal
CUDA kernel errors might be asynchronously reported at some other API call, so the stacktrace below might be incorrect.
For debugging consider passing CUDA_LAUNCH_BLOCKING=1
Compile with `TORCH_USE_CUDA_DSA` to enable device-side assertions.

<frozen importlib._bootstrap_external>:1184: FutureWarning: The cuda.cudart module is deprecated and will be removed in a future release, please switch to use the cuda.bindings.runtime module instead.
<frozen importlib._bootstrap_external>:1184: FutureWarning: The cuda.cudart module is deprecated and will be removed in a future release, please switch to use the cuda.bindings.runtime module instead.
<frozen importlib._bootstrap_external>:1184: FutureWarning: The cuda.cudart module is deprecated and will be removed in a future release, please switch to use the cuda.bindings.runtime module instead.
<frozen importlib._bootstrap_external>:1184: FutureWarning: The cuda.cudart module is deprecated and will be removed in a future release, please switch to use the cuda.bindings.runtime module instead.
<frozen importlib._bootstrap_external>:1184: FutureWarning: The cuda.cudart module is deprecated and will be removed in a future release, please switch to use the cuda.bindings.runtime module instead.
<frozen importlib._bootstrap_external>:1184: FutureWarning: The cuda.cudart module is deprecated and will be removed in a future release, please switch to use the cuda.bindings.runtime module instead.
<frozen importlib._bootstrap_external>:1184: FutureWarning: The cuda.cudart module is deprecated and will be removed in a future release, please switch to use the cuda.bindings.runtime module instead.
<frozen importlib._bootstrap_external>:1184: FutureWarning: The cuda.cudart module is deprecated and will be removed in a future release, please switch to use the cuda.bindings.runtime module instead.
<frozen importlib._bootstrap_external>:1184: FutureWarning: The cuda.cudart module is deprecated and will be removed in a future release, please switch to use the cuda.bindings.runtime module instead.
<frozen importlib._bootstrap_external>:1184: FutureWarning: The cuda.cudart module is deprecated and will be removed in a future release, please switch to use the cuda.bindings.runtime module instead.
<frozen importlib._bootstrap_external>:1184: FutureWarning: The cuda.cudart module is deprecated and will be removed in a future release, please switch to use the cuda.bindings.runtime module instead.
<frozen importlib._bootstrap_external>:1184: FutureWarning: The cuda.cudart module is deprecated and will be removed in a future release, please switch to use the cuda.bindings.runtime module instead.
<frozen importlib._bootstrap_external>:1184: FutureWarning: The cuda.cudart module is deprecated and will be removed in a future release, please switch to use the cuda.bindings.runtime module instead.
<frozen importlib._bootstrap_external>:1184: FutureWarning: The cuda.cudart module is deprecated and will be removed in a future release, please switch to use the cuda.bindings.runtime module instead.
<frozen importlib._bootstrap_external>:1184: FutureWarning: The cuda.cudart module is deprecated and will be removed in a future release, please switch to use the cuda.bindings.runtime module instead.
<frozen importlib._bootstrap_external>:1184: FutureWarning: The cuda.cudart module is deprecated and will be removed in a future release, please switch to use the cuda.bindings.runtime module instead.
