WARNING: All log messages before absl::InitializeLog() is called are written to STDERR
E0000 00:00:1775832131.872283  482259 cuda_dnn.cc:8579] Unable to register cuDNN factory: Attempting to register factory for plugin cuDNN when one has already been registered
E0000 00:00:1775832131.940953  482259 cuda_blas.cc:1407] Unable to register cuBLAS factory: Attempting to register factory for plugin cuBLAS when one has already been registered
W0000 00:00:1775832132.315251  482259 computation_placer.cc:177] computation placer already registered. Please check linkage and avoid linking the same target more than once.
W0000 00:00:1775832132.315294  482259 computation_placer.cc:177] computation placer already registered. Please check linkage and avoid linking the same target more than once.
W0000 00:00:1775832132.315309  482259 computation_placer.cc:177] computation placer already registered. Please check linkage and avoid linking the same target more than once.
W0000 00:00:1775832132.315322  482259 computation_placer.cc:177] computation placer already registered. Please check linkage and avoid linking the same target more than once.
I0000 00:00:1775832149.739626  482259 gpu_device.cc:2019] Created device /job:localhost/replica:0/task:0/device:GPU:0 with 78904 MB memory:  -> device: 0, name: NVIDIA A100-SXM4-80GB, pci bus id: 0000:03:00.0, compute capability: 8.0
WARNING: All log messages before absl::InitializeLog() is called are written to STDERR
E0000 00:00:1775832177.356713  483182 cuda_dnn.cc:8579] Unable to register cuDNN factory: Attempting to register factory for plugin cuDNN when one has already been registered
E0000 00:00:1775832177.361407  483182 cuda_blas.cc:1407] Unable to register cuBLAS factory: Attempting to register factory for plugin cuBLAS when one has already been registered
W0000 00:00:1775832177.375783  483182 computation_placer.cc:177] computation placer already registered. Please check linkage and avoid linking the same target more than once.
W0000 00:00:1775832177.375818  483182 computation_placer.cc:177] computation placer already registered. Please check linkage and avoid linking the same target more than once.
W0000 00:00:1775832177.375832  483182 computation_placer.cc:177] computation placer already registered. Please check linkage and avoid linking the same target more than once.
W0000 00:00:1775832177.375844  483182 computation_placer.cc:177] computation placer already registered. Please check linkage and avoid linking the same target more than once.
I0000 00:00:1775832186.364616  483182 gpu_device.cc:2019] Created device /job:localhost/replica:0/task:0/device:GPU:0 with 77641 MB memory:  -> device: 0, name: NVIDIA A100-SXM4-80GB, pci bus id: 0000:03:00.0, compute capability: 8.0
WARNING: All log messages before absl::InitializeLog() is called are written to STDERR
E0000 00:00:1775832208.921962  484084 cuda_dnn.cc:8579] Unable to register cuDNN factory: Attempting to register factory for plugin cuDNN when one has already been registered
E0000 00:00:1775832208.926585  484084 cuda_blas.cc:1407] Unable to register cuBLAS factory: Attempting to register factory for plugin cuBLAS when one has already been registered
W0000 00:00:1775832208.940895  484084 computation_placer.cc:177] computation placer already registered. Please check linkage and avoid linking the same target more than once.
W0000 00:00:1775832208.940930  484084 computation_placer.cc:177] computation placer already registered. Please check linkage and avoid linking the same target more than once.
W0000 00:00:1775832208.940944  484084 computation_placer.cc:177] computation placer already registered. Please check linkage and avoid linking the same target more than once.
W0000 00:00:1775832208.940956  484084 computation_placer.cc:177] computation placer already registered. Please check linkage and avoid linking the same target more than once.
I0000 00:00:1775832217.899025  484084 gpu_device.cc:2019] Created device /job:localhost/replica:0/task:0/device:GPU:0 with 77449 MB memory:  -> device: 0, name: NVIDIA A100-SXM4-80GB, pci bus id: 0000:03:00.0, compute capability: 8.0
WARNING: All log messages before absl::InitializeLog() is called are written to STDERR
E0000 00:00:1775832241.939608  484987 cuda_dnn.cc:8579] Unable to register cuDNN factory: Attempting to register factory for plugin cuDNN when one has already been registered
E0000 00:00:1775832241.944233  484987 cuda_blas.cc:1407] Unable to register cuBLAS factory: Attempting to register factory for plugin cuBLAS when one has already been registered
W0000 00:00:1775832241.958597  484987 computation_placer.cc:177] computation placer already registered. Please check linkage and avoid linking the same target more than once.
W0000 00:00:1775832241.958639  484987 computation_placer.cc:177] computation placer already registered. Please check linkage and avoid linking the same target more than once.
W0000 00:00:1775832241.958652  484987 computation_placer.cc:177] computation placer already registered. Please check linkage and avoid linking the same target more than once.
W0000 00:00:1775832241.958664  484987 computation_placer.cc:177] computation placer already registered. Please check linkage and avoid linking the same target more than once.
I0000 00:00:1775832251.099886  484987 gpu_device.cc:2019] Created device /job:localhost/replica:0/task:0/device:GPU:0 with 76877 MB memory:  -> device: 0, name: NVIDIA A100-SXM4-80GB, pci bus id: 0000:03:00.0, compute capability: 8.0
WARNING: All log messages before absl::InitializeLog() is called are written to STDERR
E0000 00:00:1775832275.348755  485912 cuda_dnn.cc:8579] Unable to register cuDNN factory: Attempting to register factory for plugin cuDNN when one has already been registered
E0000 00:00:1775832275.353431  485912 cuda_blas.cc:1407] Unable to register cuBLAS factory: Attempting to register factory for plugin cuBLAS when one has already been registered
W0000 00:00:1775832275.368078  485912 computation_placer.cc:177] computation placer already registered. Please check linkage and avoid linking the same target more than once.
W0000 00:00:1775832275.368121  485912 computation_placer.cc:177] computation placer already registered. Please check linkage and avoid linking the same target more than once.
W0000 00:00:1775832275.368135  485912 computation_placer.cc:177] computation placer already registered. Please check linkage and avoid linking the same target more than once.
W0000 00:00:1775832275.368147  485912 computation_placer.cc:177] computation placer already registered. Please check linkage and avoid linking the same target more than once.
I0000 00:00:1775832284.262247  485912 gpu_device.cc:2019] Created device /job:localhost/replica:0/task:0/device:GPU:0 with 75925 MB memory:  -> device: 0, name: NVIDIA A100-SXM4-80GB, pci bus id: 0000:03:00.0, compute capability: 8.0
WARNING: All log messages before absl::InitializeLog() is called are written to STDERR
E0000 00:00:1775832311.457780  486815 cuda_dnn.cc:8579] Unable to register cuDNN factory: Attempting to register factory for plugin cuDNN when one has already been registered
E0000 00:00:1775832311.462518  486815 cuda_blas.cc:1407] Unable to register cuBLAS factory: Attempting to register factory for plugin cuBLAS when one has already been registered
W0000 00:00:1775832311.477581  486815 computation_placer.cc:177] computation placer already registered. Please check linkage and avoid linking the same target more than once.
W0000 00:00:1775832311.477617  486815 computation_placer.cc:177] computation placer already registered. Please check linkage and avoid linking the same target more than once.
W0000 00:00:1775832311.477631  486815 computation_placer.cc:177] computation placer already registered. Please check linkage and avoid linking the same target more than once.
W0000 00:00:1775832311.477643  486815 computation_placer.cc:177] computation placer already registered. Please check linkage and avoid linking the same target more than once.
I0000 00:00:1775832319.559383  486815 gpu_device.cc:2019] Created device /job:localhost/replica:0/task:0/device:GPU:0 with 74017 MB memory:  -> device: 0, name: NVIDIA A100-SXM4-80GB, pci bus id: 0000:03:00.0, compute capability: 8.0
WARNING: All log messages before absl::InitializeLog() is called are written to STDERR
E0000 00:00:1775832352.141161  487719 cuda_dnn.cc:8579] Unable to register cuDNN factory: Attempting to register factory for plugin cuDNN when one has already been registered
E0000 00:00:1775832352.145809  487719 cuda_blas.cc:1407] Unable to register cuBLAS factory: Attempting to register factory for plugin cuBLAS when one has already been registered
W0000 00:00:1775832352.161269  487719 computation_placer.cc:177] computation placer already registered. Please check linkage and avoid linking the same target more than once.
W0000 00:00:1775832352.161307  487719 computation_placer.cc:177] computation placer already registered. Please check linkage and avoid linking the same target more than once.
W0000 00:00:1775832352.161322  487719 computation_placer.cc:177] computation placer already registered. Please check linkage and avoid linking the same target more than once.
W0000 00:00:1775832352.161335  487719 computation_placer.cc:177] computation placer already registered. Please check linkage and avoid linking the same target more than once.
I0000 00:00:1775832360.487169  487719 gpu_device.cc:2019] Created device /job:localhost/replica:0/task:0/device:GPU:0 with 70201 MB memory:  -> device: 0, name: NVIDIA A100-SXM4-80GB, pci bus id: 0000:03:00.0, compute capability: 8.0
WARNING: All log messages before absl::InitializeLog() is called are written to STDERR
E0000 00:00:1775832405.519131  488941 cuda_dnn.cc:8579] Unable to register cuDNN factory: Attempting to register factory for plugin cuDNN when one has already been registered
E0000 00:00:1775832405.523748  488941 cuda_blas.cc:1407] Unable to register cuBLAS factory: Attempting to register factory for plugin cuBLAS when one has already been registered
W0000 00:00:1775832405.537967  488941 computation_placer.cc:177] computation placer already registered. Please check linkage and avoid linking the same target more than once.
W0000 00:00:1775832405.538002  488941 computation_placer.cc:177] computation placer already registered. Please check linkage and avoid linking the same target more than once.
W0000 00:00:1775832405.538015  488941 computation_placer.cc:177] computation placer already registered. Please check linkage and avoid linking the same target more than once.
W0000 00:00:1775832405.538026  488941 computation_placer.cc:177] computation placer already registered. Please check linkage and avoid linking the same target more than once.
I0000 00:00:1775832414.024667  488941 gpu_device.cc:2019] Created device /job:localhost/replica:0/task:0/device:GPU:0 with 62573 MB memory:  -> device: 0, name: NVIDIA A100-SXM4-80GB, pci bus id: 0000:03:00.0, compute capability: 8.0
WARNING: All log messages before absl::InitializeLog() is called are written to STDERR
E0000 00:00:1775832478.327358  489571 cuda_dnn.cc:8579] Unable to register cuDNN factory: Attempting to register factory for plugin cuDNN when one has already been registered
E0000 00:00:1775832478.332014  489571 cuda_blas.cc:1407] Unable to register cuBLAS factory: Attempting to register factory for plugin cuBLAS when one has already been registered
W0000 00:00:1775832478.347277  489571 computation_placer.cc:177] computation placer already registered. Please check linkage and avoid linking the same target more than once.
W0000 00:00:1775832478.347318  489571 computation_placer.cc:177] computation placer already registered. Please check linkage and avoid linking the same target more than once.
W0000 00:00:1775832478.347333  489571 computation_placer.cc:177] computation placer already registered. Please check linkage and avoid linking the same target more than once.
W0000 00:00:1775832478.347346  489571 computation_placer.cc:177] computation placer already registered. Please check linkage and avoid linking the same target more than once.
I0000 00:00:1775832487.292996  489571 gpu_device.cc:2019] Created device /job:localhost/replica:0/task:0/device:GPU:0 with 78904 MB memory:  -> device: 0, name: NVIDIA A100-SXM4-80GB, pci bus id: 0000:03:00.0, compute capability: 8.0
